=== DICE SOCCER GAME LOG ===
Log ID: 064276e4
Game Mode: VS AI
Start Time: 2025-11-03 18:18:26

--- PLAYER INFORMATION ---
Player 1: Ati
Player 1 Device: Mobile (Linux)
Player 1 OS: Android 10
Player 1 Browser: Chrome 141.0.0.0
Player 2: AI (hard)
Player 2: AI Opponent

--- GAME DATA ---
Status: In Progress

--- GAME EVENTS ---
[2025-11-03 18:18:27] DICE_ROLL: Ati rolled 3
[2025-11-03 18:18:28] MOVE: Ati moved player #3 from (4,2) to (3,3)
[2025-11-03 18:18:30] DICE_ROLL: AI (hard) rolled 6
[2025-11-03 18:18:30] MOVE: AI (hard) moved player #3 from (1,6) to (2,5)
[2025-11-03 18:18:32] DICE_ROLL: Ati rolled 6
[2025-11-03 18:18:36] MOVE: Ati moved player #6 from (3,1) to (4,2)
[2025-11-03 18:18:38] DICE_ROLL: AI (hard) rolled 3
[2025-11-03 18:18:38] MOVE: AI (hard) moved player #3 from (2,5) to (2,4)
[2025-11-03 18:18:41] DICE_ROLL: Ati rolled 4
[2025-11-03 18:18:43] MOVE: Ati moved player #4 from (3,2) to (2,3)
[2025-11-03 18:18:44] DICE_ROLL: AI (hard) rolled 4
[2025-11-03 18:18:45] MOVE: AI (hard) moved player #4 from (2,6) to (2,5)
[2025-11-03 18:18:47] DICE_ROLL: Ati rolled 6
[2025-11-03 18:18:54] MOVE: Ati moved player #6 from (4,2) to (4,3)
[2025-11-03 18:18:55] DICE_ROLL: AI (hard) rolled 5
[2025-11-03 18:18:56] MOVE: AI (hard) moved player #5 from (3,7) to (2,6)
[2025-11-03 18:18:58] DICE_ROLL: Ati rolled 5
[2025-11-03 18:19:00] MOVE: Ati moved player #5 from (1,2) to (1,3)
[2025-11-03 18:19:02] DICE_ROLL: AI (hard) rolled 4
[2025-11-03 18:19:02] MOVE: AI (hard) moved player #4 from (2,5) to (1,4)
[2025-11-03 18:19:05] DICE_ROLL: Ati rolled 4
[2025-11-03 18:19:07] MOVE: Ati moved player #4 from (4,1) to (3,2)
[2025-11-03 18:19:09] DICE_ROLL: AI (hard) rolled 5
[2025-11-03 18:19:09] MOVE: AI (hard) moved player #5 from (2,6) to (2,5)
[2025-11-03 18:19:11] DICE_ROLL: Ati rolled 3
[2025-11-03 18:19:13] MOVE: Ati moved player #3 from (3,3) to (3,4)
[2025-11-03 18:19:14] DICE_ROLL: AI (hard) rolled 6
[2025-11-03 18:19:15] MOVE: AI (hard) moved player #6 from (0,7) to (1,6)
[2025-11-03 18:19:17] DICE_ROLL: Ati rolled 2
[2025-11-03 18:19:20] MOVE: Ati moved player #2 from (2,2) to (3,3)
[2025-11-03 18:19:22] DICE_ROLL: AI (hard) rolled 5
[2025-11-03 18:19:22] MOVE: AI (hard) moved player #5 from (1,7) to (2,6)
[2025-11-03 18:19:25] DICE_ROLL: Ati rolled 5
[2025-11-03 18:19:27] MOVE: Ati moved player #5 from (0,1) to (1,2)
[2025-11-03 18:19:28] DICE_ROLL: AI (hard) rolled 1
[2025-11-03 18:19:29] MOVE: AI (hard) moved player #1 from (2,8) to (1,7)
[2025-11-03 18:19:31] DICE_ROLL: Ati rolled 2
[2025-11-03 18:19:34] MOVE: Ati moved player #2 from (2,1) to (2,2)
[2025-11-03 18:19:35] DICE_ROLL: AI (hard) rolled 4
[2025-11-03 18:19:36] MOVE: AI (hard) moved player #4 from (1,4) to (0,3)
[2025-11-03 18:19:38] DICE_ROLL: Ati rolled 2
[2025-11-03 18:19:39] MOVE: Ati moved player #2 from (3,3) to (4,4)
[2025-11-03 18:19:41] DICE_ROLL: AI (hard) rolled 6
[2025-11-03 18:19:41] MOVE: AI (hard) moved player #6 from (1,6) to (0,5)
[2025-11-03 18:19:44] DICE_ROLL: Ati rolled 2
[2025-11-03 18:19:45] MOVE: Ati moved player #2 from (2,2) to (3,3)
[2025-11-03 18:19:47] DICE_ROLL: AI (hard) rolled 3
[2025-11-03 18:19:48] MOVE: AI (hard) moved player #3 from (4,6) to (4,5)
[2025-11-03 18:19:50] DICE_ROLL: Ati rolled 3
[2025-11-03 18:19:51] MOVE: Ati moved player #3 from (3,4) to (3,5)
[2025-11-03 18:19:53] DICE_ROLL: AI (hard) rolled 1
[2025-11-03 18:19:53] MOVE: AI (hard) moved player #1 from (1,7) to (1,6)
[2025-11-03 18:19:55] DICE_ROLL: Ati rolled 6
[2025-11-03 18:19:57] MOVE: Ati moved player #6 from (4,3) to (3,4)
[2025-11-03 18:19:58] DICE_ROLL: AI (hard) rolled 2
[2025-11-03 18:19:59] MOVE: AI (hard) moved player #2 from (0,6) to (1,5)
[2025-11-03 18:20:01] DICE_ROLL: Ati rolled 4
[2025-11-03 18:20:03] MOVE: Ati moved player #4 from (3,2) to (4,3)
[2025-11-03 18:20:04] DICE_ROLL: AI (hard) rolled 4
[2025-11-03 18:20:05] MOVE: AI (hard) moved player #5 from (2,5) to (1,4)
[2025-11-03 18:20:07] DICE_ROLL: Ati rolled 2
[2025-11-03 18:20:08] MOVE: Ati moved player #3 from (3,5) to (4,6)
[2025-11-03 18:20:10] DICE_ROLL: AI (hard) rolled 5
[2025-11-03 18:20:11] MOVE: AI (hard) moved player #5 from (2,6) to (3,5)
[2025-11-03 18:20:13] DICE_ROLL: Ati rolled 1
[2025-11-03 18:20:14] MOVE: Ati moved player #1 from (2,0) to (2,1)
[2025-11-03 18:20:16] DICE_ROLL: AI (hard) rolled 1
[2025-11-03 18:20:16] MOVE: AI (hard) moved player #1 from (1,6) to (2,5)
[2025-11-03 18:20:19] DICE_ROLL: Ati rolled 2
[2025-11-03 18:20:20] MOVE: Ati moved player #3 from (4,6) to (3,7)
[2025-11-03 18:20:21] DICE_ROLL: AI (hard) rolled 1
[2025-11-03 18:20:22] MOVE: AI (hard) moved player #6 from (0,5) to (0,4)
[2025-11-03 18:20:24] DICE_ROLL: Ati rolled 1
[2025-11-03 18:20:26] MOVE: Ati moved player #1 from (2,1) to (2,2)
[2025-11-03 18:20:28] DICE_ROLL: AI (hard) rolled 5
[2025-11-03 18:20:29] MOVE: AI (hard) moved player #4 from (2,7) to (2,6)
[2025-11-03 18:20:31] DICE_ROLL: Ati rolled 5
[2025-11-03 18:20:41] MOVE: Ati moved player #3 from (3,7) to (2,8)
[2025-11-03 18:20:42] GOAL: Ati scored! Score: 1 - 0
[2025-11-03 18:20:50] ROUND_START: New round started. AI (hard) starts. Score: 1 - 0
[2025-11-03 18:20:51] DICE_ROLL: AI (hard) rolled 5
[2025-11-03 18:20:52] MOVE: AI (hard) moved player #6 from (1,6) to (2,5)
[2025-11-03 18:20:54] DICE_ROLL: Ati rolled 2
[2025-11-03 18:20:56] MOVE: Ati moved player #2 from (4,2) to (3,3)
[2025-11-03 18:20:57] DICE_ROLL: AI (hard) rolled 2
[2025-11-03 18:20:58] MOVE: AI (hard) moved player #2 from (2,7) to (1,6)
[2025-11-03 18:21:00] DICE_ROLL: Ati rolled 3
[2025-11-03 18:21:04] MOVE: Ati moved player #3 from (0,2) to (1,3)
[2025-11-03 18:21:06] DICE_ROLL: AI (hard) rolled 5
[2025-11-03 18:21:06] MOVE: AI (hard) moved player #6 from (2,5) to (2,4)
[2025-11-03 18:21:09] DICE_ROLL: Ati rolled 3
[2025-11-03 18:21:10] MOVE: Ati moved player #3 from (1,3) to (1,4)
[2025-11-03 18:21:11] DICE_ROLL: AI (hard) rolled 3
[2025-11-03 18:21:12] MOVE: AI (hard) moved player #3 from (4,6) to (4,5)
[2025-11-03 18:21:14] DICE_ROLL: Ati rolled 1
[2025-11-03 18:21:16] MOVE: Ati moved player #3 from (1,4) to (2,5)
[2025-11-03 18:21:17] DICE_ROLL: AI (hard) rolled 1
[2025-11-03 18:21:18] MOVE: AI (hard) moved player #1 from (2,8) to (2,7)
[2025-11-03 18:21:20] DICE_ROLL: Ati rolled 1
[2025-11-03 18:21:25] MOVE: Ati moved player #4 from (4,1) to (4,2)
[2025-11-03 18:21:27] DICE_ROLL: AI (hard) rolled 6
[2025-11-03 18:21:28] MOVE: AI (hard) moved player #6 from (2,4) to (2,3)
[2025-11-03 18:21:30] DICE_ROLL: Ati rolled 1
[2025-11-03 18:21:32] MOVE: Ati moved player #6 from (0,1) to (0,2)
[2025-11-03 18:21:33] DICE_ROLL: AI (hard) rolled 4
[2025-11-03 18:21:34] MOVE: AI (hard) moved player #4 from (2,6) to (3,5)
[2025-11-03 18:21:36] DICE_ROLL: Ati rolled 5
[2025-11-03 18:21:40] MOVE: Ati moved player #3 from (2,5) to (2,6)
[2025-11-03 18:21:42] DICE_ROLL: AI (hard) rolled 2
[2025-11-03 18:21:42] MOVE: AI (hard) moved player #2 from (1,6) to (2,5)
[2025-11-03 18:21:45] DICE_ROLL: Ati rolled 5
[2025-11-03 18:21:55] MOVE: Ati moved player #4 from (4,2) to (4,3)
[2025-11-03 18:21:56] DICE_ROLL: AI (hard) rolled 2
[2025-11-03 18:21:57] MOVE: AI (hard) moved player #2 from (2,5) to (1,4)
[2025-11-03 18:21:59] DICE_ROLL: Ati rolled 2
[2025-11-03 18:22:01] MOVE: Ati moved player #2 from (3,3) to (2,4)
[2025-11-03 18:22:03] DICE_ROLL: AI (hard) rolled 5
[2025-11-03 18:22:04] MOVE: AI (hard) moved player #5 from (0,7) to (1,6)
[2025-11-03 18:22:06] DICE_ROLL: Ati rolled 5
[2025-11-03 18:22:08] MOVE: Ati moved player #4 from (3,1) to (4,2)
[2025-11-03 18:22:10] DICE_ROLL: AI (hard) rolled 5
[2025-11-03 18:22:11] MOVE: AI (hard) moved player #5 from (1,6) to (2,5)
[2025-11-03 18:22:13] DICE_ROLL: Ati rolled 6
[2025-11-03 18:22:17] MOVE: Ati moved player #6 from (0,2) to (1,3)
[2025-11-03 18:22:18] DICE_ROLL: AI (hard) rolled 3
[2025-11-03 18:22:19] MOVE: AI (hard) moved player #3 from (4,5) to (4,4)
[2025-11-03 18:22:21] DICE_ROLL: Ati rolled 1
[2025-11-03 18:22:25] MOVE: Ati moved player #1 from (2,0) to (3,1)
[2025-11-03 18:22:26] DICE_ROLL: AI (hard) rolled 1
[2025-11-03 18:22:27] MOVE: AI (hard) moved player #1 from (2,7) to (1,6)
[2025-11-03 18:22:29] DICE_ROLL: Ati rolled 1
[2025-11-03 18:22:35] MOVE: Ati moved player #3 from (2,6) to (2,7)
[2025-11-03 18:22:37] DICE_ROLL: AI (hard) rolled 6
[2025-11-03 18:22:38] MOVE: AI (hard) moved player #6 from (3,6) to (4,5)
[2025-11-03 18:22:40] DICE_ROLL: Ati rolled 1
[2025-11-03 18:22:43] MOVE: Ati moved player #3 from (2,7) to (2,8)
[2025-11-03 18:22:44] GOAL: Ati scored! Score: 2 - 0
[2025-11-03 18:22:45] ROUND_START: New round started. AI (hard) starts. Score: 2 - 0
[2025-11-03 18:22:46] DICE_ROLL: AI (hard) rolled 4
[2025-11-03 18:22:47] MOVE: AI (hard) moved player #4 from (4,6) to (3,5)
[2025-11-03 18:22:49] DICE_ROLL: Ati rolled 4
[2025-11-03 18:22:51] MOVE: Ati moved player #4 from (4,2) to (3,3)
[2025-11-03 18:22:53] DICE_ROLL: AI (hard) rolled 2
[2025-11-03 18:22:53] MOVE: AI (hard) moved player #2 from (4,7) to (4,6)
[2025-11-03 18:22:56] DICE_ROLL: Ati rolled 5
[2025-11-03 18:22:57] MOVE: Ati moved player #5 from (1,2) to (2,3)
[2025-11-03 18:22:59] DICE_ROLL: AI (hard) rolled 4
[2025-11-03 18:22:59] MOVE: AI (hard) moved player #4 from (3,5) to (2,4)
[2025-11-03 18:23:01] DICE_ROLL: Ati rolled 6
[2025-11-03 18:23:03] MOVE: Ati moved player #6 from (1,1) to (1,2)
[2025-11-03 18:23:05] DICE_ROLL: AI (hard) rolled 3
[2025-11-03 18:23:05] MOVE: AI (hard) moved player #3 from (1,6) to (2,5)
[2025-11-03 18:23:08] DICE_ROLL: Ati rolled 5
[2025-11-03 18:23:09] MOVE: Ati moved player #5 from (2,3) to (3,4)
[2025-11-03 18:23:11] DICE_ROLL: AI (hard) rolled 4
[2025-11-03 18:23:11] MOVE: AI (hard) moved player #4 from (2,4) to (2,3)
[2025-11-03 18:23:14] DICE_ROLL: Ati rolled 6
[2025-11-03 18:23:15] MOVE: Ati moved player #6 from (0,2) to (1,3)
[2025-11-03 18:23:17] DICE_ROLL: AI (hard) rolled 2
[2025-11-03 18:23:18] MOVE: AI (hard) moved player #2 from (4,6) to (4,5)
[2025-11-03 18:23:20] DICE_ROLL: Ati rolled 3
[2025-11-03 18:23:21] MOVE: Ati moved player #3 from (4,1) to (4,2)
[2025-11-03 18:23:23] DICE_ROLL: AI (hard) rolled 2
[2025-11-03 18:23:23] MOVE: AI (hard) moved player #2 from (4,5) to (4,4)
[2025-11-03 18:23:26] DICE_ROLL: Ati rolled 2
[2025-11-03 18:23:29] MOVE: Ati moved player #6 from (1,3) to (1,4)
[2025-11-03 18:23:30] DICE_ROLL: AI (hard) rolled 5
[2025-11-03 18:23:31] MOVE: AI (hard) moved player #5 from (0,6) to (0,5)
[2025-11-03 18:23:33] DICE_ROLL: Ati rolled 6
[2025-11-03 18:23:34] MOVE: Ati moved player #6 from (1,4) to (1,5)
[2025-11-03 18:23:36] DICE_ROLL: AI (hard) rolled 1
[2025-11-03 18:23:37] MOVE: AI (hard) moved player #2 from (4,4) to (4,3)
[2025-11-03 18:23:39] DICE_ROLL: Ati rolled 3
[2025-11-03 18:23:54] MOVE: Ati moved player #1 from (2,0) to (1,1)
[2025-11-03 18:23:56] DICE_ROLL: AI (hard) rolled 6
[2025-11-03 18:23:57] MOVE: AI (hard) moved player #6 from (3,6) to (3,5)
[2025-11-03 18:23:59] DICE_ROLL: Ati rolled 3
[2025-11-03 18:24:00] MOVE: Ati moved player #5 from (3,4) to (4,5)
[2025-11-03 18:24:02] DICE_ROLL: AI (hard) rolled 1
[2025-11-03 18:24:03] MOVE: AI (hard) moved player #6 from (3,5) to (2,4)
[2025-11-03 18:24:05] DICE_ROLL: Ati rolled 1
[2025-11-03 18:24:06] MOVE: Ati moved player #1 from (1,1) to (0,2)
[2025-11-03 18:24:08] DICE_ROLL: AI (hard) rolled 5
[2025-11-03 18:24:09] MOVE: AI (hard) moved player #5 from (0,5) to (1,4)
[2025-11-03 18:24:11] DICE_ROLL: Ati rolled 3
[2025-11-03 18:24:14] MOVE: Ati moved player #5 from (4,5) to (4,6)
[2025-11-03 18:24:15] DICE_ROLL: AI (hard) rolled 1
[2025-11-03 18:24:16] MOVE: AI (hard) moved player #5 from (1,4) to (1,3)
[2025-11-03 18:24:18] DICE_ROLL: Ati rolled 6
[2025-11-03 18:24:20] MOVE: Ati moved player #6 from (1,5) to (0,6)
[2025-11-03 18:24:21] DICE_ROLL: AI (hard) rolled 2
[2025-11-03 18:24:22] MOVE: AI (hard) moved player #2 from (2,7) to (3,6)
[2025-11-03 18:24:24] DICE_ROLL: Ati rolled 4
[2025-11-03 18:24:27] MOVE: Ati moved player #4 from (3,3) to (3,4)
[2025-11-03 18:24:28] DICE_ROLL: AI (hard) rolled 3
[2025-11-03 18:24:29] MOVE: AI (hard) moved player #3 from (2,5) to (1,4)
[2025-11-03 18:24:31] DICE_ROLL: Ati rolled 3
[2025-11-03 18:24:34] MOVE: Ati moved player #3 from (4,2) to (3,3)
[2025-11-03 18:24:35] DICE_ROLL: AI (hard) rolled 2
[2025-11-03 18:24:36] MOVE: AI (hard) moved player #2 from (3,6) to (4,5)
[2025-11-03 18:24:38] DICE_ROLL: Ati rolled 3
[2025-11-03 18:24:39] MOVE: Ati moved player #3 from (3,3) to (4,4)
[2025-11-03 18:24:41] DICE_ROLL: AI (hard) rolled 4
[2025-11-03 18:24:42] MOVE: AI (hard) moved player #4 from (1,7) to (1,6)
[2025-11-03 18:24:44] DICE_ROLL: Ati rolled 2
[2025-11-03 18:24:46] MOVE: Ati moved player #2 from (3,1) to (4,2)
[2025-11-03 18:24:47] DICE_ROLL: AI (hard) rolled 1
[2025-11-03 18:24:48] MOVE: AI (hard) moved player #1 from (2,8) to (2,7)
[2025-11-03 18:24:50] DICE_ROLL: Ati rolled 4
[2025-11-03 18:24:52] MOVE: Ati moved player #4 from (3,4) to (3,5)
[2025-11-03 18:24:53] DICE_ROLL: AI (hard) rolled 3
[2025-11-03 18:24:54] MOVE: AI (hard) moved player #3 from (1,4) to (0,3)
[2025-11-03 18:24:56] DICE_ROLL: Ati rolled 2
[2025-11-03 18:24:59] MOVE: Ati moved player #2 from (4,2) to (3,3)
[2025-11-03 18:25:00] DICE_ROLL: AI (hard) rolled 6
[2025-11-03 18:25:01] MOVE: AI (hard) moved player #2 from (4,5) to (3,4)
[2025-11-03 18:25:03] DICE_ROLL: Ati rolled 5
[2025-11-03 18:25:05] MOVE: Ati moved player #5 from (4,6) to (4,7)
[2025-11-03 18:25:07] DICE_ROLL: AI (hard) rolled 5
[2025-11-03 18:25:07] MOVE: AI (hard) moved player #5 from (3,7) to (3,6)
[2025-11-03 18:25:10] DICE_ROLL: Ati rolled 4
[2025-11-03 18:25:11] MOVE: Ati moved player #4 from (3,5) to (4,6)
[2025-11-03 18:25:12] DICE_ROLL: AI (hard) rolled 2
[2025-11-03 18:25:13] MOVE: AI (hard) moved player #2 from (4,3) to (4,2)
[2025-11-03 18:25:15] DICE_ROLL: Ati rolled 4
[2025-11-03 18:25:16] MOVE: Ati moved player #4 from (4,6) to (3,7)
[2025-11-03 18:25:18] DICE_ROLL: AI (hard) rolled 6
[2025-11-03 18:25:19] MOVE: AI (hard) moved player #2 from (4,2) to (3,1)
[2025-11-03 18:25:21] DICE_ROLL: Ati rolled 5
[2025-11-03 18:25:26] MOVE: Ati moved player #4 from (3,7) to (2,8)
[2025-11-03 18:25:27] GOAL: Ati scored! Score: 3 - 0

--- GAME COMPLETED ---
End Time: 2025-11-03 18:25:28
End Reason: Completed

--- FINAL RESULTS ---
Winner: Ati
Final Score: 3 - 0

--- STATISTICS ---
Player 1 Total Moves: 57
Player 1 Thinking Time: 2:34
Player 2 Total Moves: 56
Player 2 Thinking Time: 39s
Total Game Time: 7:02

=== END OF LOG ===
